{"contracts/BlockhashRegistry.sol":{"l":{"36":17,"45":2,"46":32,"47":1,"63":3,"64":3,"66":2,"67":2,"71":1,"72":1,"73":1,"81":21,"83":21,"85":19,"86":19,"92":18,"101":193,"106":193,"107":186,"111":186,"126":186,"136":20,"137":20,"138":20,"141":20,"142":131,"143":125,"144":7,"146":118,"149":7},"path":"/Users/mkuechler/Documents/in3-stuff/in3-contracts/contracts/BlockhashRegistry.sol","s":{"1":17,"2":2,"3":32,"4":1,"5":3,"6":3,"7":2,"8":2,"9":1,"10":1,"11":1,"12":21,"13":21,"14":19,"15":19,"16":18,"17":193,"18":193,"19":186,"20":186,"21":20,"22":20,"23":20,"24":20,"25":131,"26":125,"27":7,"28":118,"29":7},"b":{"1":[1,31],"2":[2,1],"3":[1,1],"4":[19,2],"5":[186,7],"6":[7,118]},"f":{"1":17,"2":2,"3":3,"4":21,"5":18,"6":193,"7":20},"fnMap":{"1":{"name":"constructor","line":35,"loc":{"start":{"line":35,"column":4},"end":{"line":35,"column":22}}},"2":{"name":"searchForAvailableBlock","line":43,"loc":{"start":{"line":43,"column":4},"end":{"line":43,"column":99}}},"3":{"name":"recreateBlockheaders","line":61,"loc":{"start":{"line":61,"column":4},"end":{"line":61,"column":87}}},"4":{"name":"saveBlockNumber","line":79,"loc":{"start":{"line":79,"column":4},"end":{"line":79,"column":52}}},"5":{"name":"snapshot","line":90,"loc":{"start":{"line":90,"column":4},"end":{"line":90,"column":28}}},"6":{"name":"getParentAndBlockhash","line":98,"loc":{"start":{"line":98,"column":4},"end":{"line":98,"column":115}}},"7":{"name":"reCalculateBlockheaders","line":134,"loc":{"start":{"line":134,"column":4},"end":{"line":134,"column":116}}}},"statementMap":{"1":{"start":{"line":36,"column":8},"end":{"line":36,"column":17}},"2":{"start":{"line":45,"column":8},"end":{"line":45,"column":2043}},"3":{"start":{"line":46,"column":12},"end":{"line":46,"column":2128}},"4":{"start":{"line":47,"column":16},"end":{"line":47,"column":24}},"5":{"start":{"line":63,"column":8},"end":{"line":63,"column":65}},"6":{"start":{"line":64,"column":8},"end":{"line":64,"column":71}},"7":{"start":{"line":66,"column":8},"end":{"line":66,"column":89}},"8":{"start":{"line":67,"column":8},"end":{"line":67,"column":56}},"9":{"start":{"line":71,"column":8},"end":{"line":71,"column":54}},"10":{"start":{"line":72,"column":8},"end":{"line":72,"column":45}},"11":{"start":{"line":73,"column":8},"end":{"line":73,"column":51}},"12":{"start":{"line":81,"column":8},"end":{"line":81,"column":47}},"13":{"start":{"line":83,"column":8},"end":{"line":83,"column":51}},"14":{"start":{"line":85,"column":8},"end":{"line":85,"column":45}},"15":{"start":{"line":86,"column":8},"end":{"line":86,"column":51}},"16":{"start":{"line":92,"column":8},"end":{"line":92,"column":38}},"17":{"start":{"line":101,"column":8},"end":{"line":101,"column":44}},"18":{"start":{"line":106,"column":8},"end":{"line":106,"column":46}},"19":{"start":{"line":107,"column":8},"end":{"line":107,"column":39}},"20":{"start":{"line":126,"column":8},"end":{"line":126,"column":38}},"21":{"start":{"line":136,"column":8},"end":{"line":136,"column":41}},"22":{"start":{"line":137,"column":8},"end":{"line":137,"column":32}},"23":{"start":{"line":138,"column":8},"end":{"line":138,"column":35}},"24":{"start":{"line":141,"column":8},"end":{"line":141,"column":7049}},"25":{"start":{"line":142,"column":12},"end":{"line":142,"column":80}},"26":{"start":{"line":143,"column":12},"end":{"line":143,"column":7198}},"27":{"start":{"line":144,"column":16},"end":{"line":144,"column":26}},"28":{"start":{"line":146,"column":12},"end":{"line":146,"column":40}},"29":{"start":{"line":149,"column":8},"end":{"line":149,"column":31}}},"branchMap":{"1":{"line":46,"type":"if","locations":[{"start":{"line":46,"column":12},"end":{"line":46,"column":12}},{"start":{"line":46,"column":12},"end":{"line":46,"column":12}}]},"2":{"line":64,"type":"if","locations":[{"start":{"line":64,"column":8},"end":{"line":64,"column":8}},{"start":{"line":64,"column":8},"end":{"line":64,"column":8}}]},"3":{"line":67,"type":"if","locations":[{"start":{"line":67,"column":8},"end":{"line":67,"column":8}},{"start":{"line":67,"column":8},"end":{"line":67,"column":8}}]},"4":{"line":83,"type":"if","locations":[{"start":{"line":83,"column":8},"end":{"line":83,"column":8}},{"start":{"line":83,"column":8},"end":{"line":83,"column":8}}]},"5":{"line":106,"type":"if","locations":[{"start":{"line":106,"column":8},"end":{"line":106,"column":8}},{"start":{"line":106,"column":8},"end":{"line":106,"column":8}}]},"6":{"line":143,"type":"if","locations":[{"start":{"line":143,"column":12},"end":{"line":143,"column":12}},{"start":{"line":143,"column":12},"end":{"line":143,"column":12}}]}}},"contracts/NodeRegistry.sol":{"l":{"127":0,"128":0,"130":0,"131":0,"132":0,"139":1,"142":1,"143":1,"144":1,"154":0,"155":0,"156":0,"158":0,"176":0,"214":0,"215":0,"224":0,"226":0,"233":0,"235":0,"256":0,"257":0,"259":0,"260":0,"262":0,"274":0,"276":0,"277":0,"280":0,"282":0,"283":0,"284":0,"310":0,"312":0,"313":0,"316":0,"319":0,"321":0,"322":0,"324":0,"325":0,"337":0,"344":0,"345":0,"347":0,"349":0,"350":0,"351":0,"352":0,"355":0,"356":0,"357":0,"360":0,"361":0,"364":0,"366":0,"370":0,"384":0,"385":0,"387":0,"388":0,"402":0,"403":0,"404":0,"406":0,"430":0,"431":0,"433":0,"435":0,"438":0,"441":0,"444":0,"446":0,"447":0,"448":0,"449":0,"452":0,"453":0,"456":0,"458":0,"459":0,"462":0,"463":0,"466":0,"467":0,"470":0,"472":0,"483":0,"491":0,"511":0,"512":0,"514":0,"542":0,"544":0,"546":0,"550":0,"554":0,"555":0,"556":0,"559":0,"560":0,"561":0,"562":0,"563":0,"564":0,"566":0,"567":0,"569":0,"570":0,"573":0,"574":0,"575":0,"576":0,"578":0,"592":0,"593":0,"594":0,"596":0,"603":0,"605":0,"606":0,"608":0,"611":0,"614":0,"615":0,"617":0,"618":0,"619":0},"path":"/Users/mkuechler/Documents/in3-stuff/in3-contracts/contracts/NodeRegistry.sol","s":{"1":0,"2":0,"3":0,"4":0,"5":1,"6":1,"7":1,"8":1,"9":0,"10":0,"11":0,"12":0,"13":0,"14":0,"15":0,"16":0,"17":0,"18":0,"19":0,"20":0,"21":0,"22":0,"23":0,"24":0,"25":0,"26":0,"27":0,"28":0,"29":0,"30":0,"31":0,"32":0,"33":0,"34":0,"35":0,"36":0,"37":0,"38":0,"39":0,"40":0,"41":0,"42":0,"43":0,"44":0,"45":0,"46":0,"47":0,"48":0,"49":0,"50":0,"51":0,"52":0,"53":0,"54":0,"55":0,"56":0,"57":0,"58":0,"59":0,"60":0,"61":0,"62":0,"63":0,"64":0,"65":0,"66":0,"67":0,"68":0,"69":0,"70":0,"71":0,"72":0,"73":0,"74":0,"75":0,"76":0,"77":0,"78":0,"79":0,"80":0,"81":0,"82":0,"83":0,"84":0,"85":0,"86":0,"87":0,"88":0,"89":0,"90":0,"91":0,"92":0,"93":0,"94":0,"95":0,"96":0,"97":0,"98":0,"99":0,"100":0,"101":0,"102":0,"103":0,"104":0,"105":0,"106":0,"107":0,"108":0,"109":0,"110":0,"111":0,"112":0,"113":0,"114":0,"115":0,"116":0,"117":0,"118":0,"119":0,"120":0,"121":0,"122":0},"b":{"1":[0,0],"2":[0,0],"3":[0,0],"4":[0,0],"5":[0,0],"6":[0,0],"7":[0,0],"8":[0,0],"9":[0,0],"10":[0,0],"11":[0,0],"12":[0,0],"13":[0,0],"14":[0,0],"15":[0,0],"16":[0,0],"17":[0,0],"18":[0,0],"19":[0,0],"20":[0,0],"21":[0,0],"22":[0,0],"23":[0,0],"24":[0,0],"25":[0,0],"26":[0,0],"27":[0,0],"28":[0,0],"29":[0,0],"30":[0,0],"31":[0,0],"32":[0,0],"33":[0,0]},"f":{"1":0,"2":1,"3":0,"4":0,"5":0,"6":0,"7":0,"8":0,"9":0,"10":0,"11":0,"12":0,"13":0,"14":0,"15":0,"16":0,"17":0},"fnMap":{"1":{"name":"onlyActiveState","line":125,"loc":{"start":{"line":125,"column":4},"end":{"line":125,"column":43}}},"2":{"name":"constructor","line":138,"loc":{"start":{"line":138,"column":4},"end":{"line":138,"column":54}}},"3":{"name":"convict","line":152,"loc":{"start":{"line":152,"column":4},"end":{"line":152,"column":61}}},"4":{"name":"registerNode","line":167,"loc":{"start":{"line":167,"column":4},"end":{"line":175,"column":5}}},"5":{"name":"registerNodeFor","line":200,"loc":{"start":{"line":200,"column":4},"end":{"line":212,"column":5}}},"6":{"name":"removeNodeFromRegistry","line":250,"loc":{"start":{"line":250,"column":4},"end":{"line":253,"column":5}}},"7":{"name":"returnDeposit","line":272,"loc":{"start":{"line":272,"column":4},"end":{"line":272,"column":50}}},"8":{"name":"revealConvict","line":299,"loc":{"start":{"line":299,"column":4},"end":{"line":308,"column":5}}},"9":{"name":"transferOwnership","line":380,"loc":{"start":{"line":380,"column":4},"end":{"line":383,"column":5}}},"10":{"name":"unregisteringNode","line":397,"loc":{"start":{"line":397,"column":4},"end":{"line":400,"column":5}}},"11":{"name":"updateNode","line":419,"loc":{"start":{"line":419,"column":4},"end":{"line":429,"column":5}}},"12":{"name":"totalNodes","line":482,"loc":{"start":{"line":482,"column":4},"end":{"line":482,"column":52}}},"13":{"name":"calcProofHash","line":489,"loc":{"start":{"line":489,"column":4},"end":{"line":489,"column":78}}},"14":{"name":"checkNodeProperties","line":508,"loc":{"start":{"line":508,"column":4},"end":{"line":508,"column":79}}},"15":{"name":"registerNodeInternal","line":529,"loc":{"start":{"line":529,"column":4},"end":{"line":539,"column":5}}},"16":{"name":"unregisterNodeInternal","line":589,"loc":{"start":{"line":589,"column":4},"end":{"line":589,"column":93}}},"17":{"name":"removeNode","line":601,"loc":{"start":{"line":601,"column":4},"end":{"line":601,"column":47}}}},"statementMap":{"1":{"start":{"line":127,"column":8},"end":{"line":127,"column":58}},"2":{"start":{"line":128,"column":8},"end":{"line":128,"column":73}},"3":{"start":{"line":130,"column":8},"end":{"line":130,"column":42}},"4":{"start":{"line":131,"column":8},"end":{"line":131,"column":61}},"5":{"start":{"line":139,"column":8},"end":{"line":139,"column":37}},"6":{"start":{"line":142,"column":8},"end":{"line":142,"column":49}},"7":{"start":{"line":143,"column":8},"end":{"line":143,"column":89}},"8":{"start":{"line":144,"column":8},"end":{"line":144,"column":33}},"9":{"start":{"line":154,"column":8},"end":{"line":154,"column":36}},"10":{"start":{"line":155,"column":8},"end":{"line":155,"column":29}},"11":{"start":{"line":156,"column":8},"end":{"line":156,"column":43}},"12":{"start":{"line":158,"column":8},"end":{"line":158,"column":52}},"13":{"start":{"line":176,"column":8},"end":{"line":176,"column":7803}},"14":{"start":{"line":214,"column":8},"end":{"line":214,"column":64}},"15":{"start":{"line":215,"column":8},"end":{"line":215,"column":9203}},"16":{"start":{"line":224,"column":8},"end":{"line":224,"column":76}},"17":{"start":{"line":226,"column":8},"end":{"line":226,"column":9499}},"18":{"start":{"line":233,"column":8},"end":{"line":233,"column":85}},"19":{"start":{"line":235,"column":8},"end":{"line":235,"column":9708}},"20":{"start":{"line":256,"column":8},"end":{"line":256,"column":98}},"21":{"start":{"line":257,"column":8},"end":{"line":257,"column":92}},"22":{"start":{"line":259,"column":8},"end":{"line":259,"column":59}},"23":{"start":{"line":260,"column":8},"end":{"line":260,"column":42}},"24":{"start":{"line":262,"column":8},"end":{"line":262,"column":36}},"25":{"start":{"line":274,"column":8},"end":{"line":274,"column":59}},"26":{"start":{"line":276,"column":8},"end":{"line":276,"column":82}},"27":{"start":{"line":277,"column":8},"end":{"line":277,"column":70}},"28":{"start":{"line":280,"column":8},"end":{"line":280,"column":71}},"29":{"start":{"line":282,"column":8},"end":{"line":282,"column":38}},"30":{"start":{"line":284,"column":8},"end":{"line":284,"column":34}},"31":{"start":{"line":310,"column":8},"end":{"line":310,"column":54}},"32":{"start":{"line":312,"column":8},"end":{"line":312,"column":12795}},"33":{"start":{"line":313,"column":12},"end":{"line":313,"column":70}},"34":{"start":{"line":316,"column":8},"end":{"line":316,"column":54}},"35":{"start":{"line":319,"column":8},"end":{"line":319,"column":84}},"36":{"start":{"line":321,"column":8},"end":{"line":321,"column":59}},"37":{"start":{"line":322,"column":8},"end":{"line":322,"column":80}},"38":{"start":{"line":324,"column":8},"end":{"line":324,"column":87}},"39":{"start":{"line":325,"column":8},"end":{"line":325,"column":13417}},"40":{"start":{"line":337,"column":8},"end":{"line":337,"column":13769}},"41":{"start":{"line":344,"column":8},"end":{"line":344,"column":70}},"42":{"start":{"line":345,"column":8},"end":{"line":345,"column":38}},"43":{"start":{"line":347,"column":8},"end":{"line":347,"column":24}},"44":{"start":{"line":349,"column":8},"end":{"line":349,"column":14106}},"45":{"start":{"line":350,"column":12},"end":{"line":350,"column":52}},"46":{"start":{"line":351,"column":12},"end":{"line":351,"column":44}},"47":{"start":{"line":352,"column":12},"end":{"line":352,"column":31}},"48":{"start":{"line":355,"column":12},"end":{"line":355,"column":37}},"49":{"start":{"line":356,"column":12},"end":{"line":356,"column":31}},"50":{"start":{"line":357,"column":12},"end":{"line":357,"column":28}},"51":{"start":{"line":360,"column":8},"end":{"line":360,"column":34}},"52":{"start":{"line":364,"column":8},"end":{"line":364,"column":33}},"53":{"start":{"line":366,"column":8},"end":{"line":366,"column":34}},"54":{"start":{"line":370,"column":8},"end":{"line":370,"column":42}},"55":{"start":{"line":384,"column":8},"end":{"line":384,"column":59}},"56":{"start":{"line":385,"column":8},"end":{"line":385,"column":69}},"57":{"start":{"line":387,"column":8},"end":{"line":387,"column":67}},"58":{"start":{"line":388,"column":8},"end":{"line":388,"column":27}},"59":{"start":{"line":402,"column":8},"end":{"line":402,"column":59}},"60":{"start":{"line":403,"column":8},"end":{"line":403,"column":42}},"61":{"start":{"line":404,"column":8},"end":{"line":404,"column":69}},"62":{"start":{"line":406,"column":8},"end":{"line":406,"column":36}},"63":{"start":{"line":430,"column":8},"end":{"line":430,"column":58}},"64":{"start":{"line":431,"column":8},"end":{"line":431,"column":60}},"65":{"start":{"line":433,"column":8},"end":{"line":433,"column":46}},"66":{"start":{"line":435,"column":8},"end":{"line":435,"column":47}},"67":{"start":{"line":438,"column":8},"end":{"line":438,"column":17811}},"68":{"start":{"line":444,"column":12},"end":{"line":444,"column":67}},"69":{"start":{"line":446,"column":12},"end":{"line":446,"column":36}},"70":{"start":{"line":447,"column":12},"end":{"line":447,"column":25}},"71":{"start":{"line":448,"column":12},"end":{"line":448,"column":33}},"72":{"start":{"line":449,"column":12},"end":{"line":449,"column":32}},"73":{"start":{"line":452,"column":8},"end":{"line":452,"column":18238}},"74":{"start":{"line":453,"column":12},"end":{"line":453,"column":36}},"75":{"start":{"line":456,"column":8},"end":{"line":456,"column":50}},"76":{"start":{"line":458,"column":8},"end":{"line":458,"column":18371}},"77":{"start":{"line":459,"column":12},"end":{"line":459,"column":30}},"78":{"start":{"line":462,"column":8},"end":{"line":462,"column":18451}},"79":{"start":{"line":463,"column":12},"end":{"line":463,"column":34}},"80":{"start":{"line":466,"column":8},"end":{"line":466,"column":18538}},"81":{"start":{"line":467,"column":12},"end":{"line":467,"column":32}},"82":{"start":{"line":470,"column":8},"end":{"line":470,"column":43}},"83":{"start":{"line":472,"column":8},"end":{"line":472,"column":18670}},"84":{"start":{"line":483,"column":8},"end":{"line":483,"column":27}},"85":{"start":{"line":491,"column":8},"end":{"line":491,"column":19300}},"86":{"start":{"line":511,"column":8},"end":{"line":511,"column":20137}},"87":{"start":{"line":512,"column":12},"end":{"line":512,"column":73}},"88":{"start":{"line":514,"column":8},"end":{"line":514,"column":71}},"89":{"start":{"line":542,"column":8},"end":{"line":542,"column":59}},"90":{"start":{"line":544,"column":8},"end":{"line":544,"column":46}},"91":{"start":{"line":546,"column":8},"end":{"line":546,"column":48}},"92":{"start":{"line":550,"column":8},"end":{"line":550,"column":21813}},"93":{"start":{"line":554,"column":8},"end":{"line":554,"column":49}},"94":{"start":{"line":555,"column":8},"end":{"line":555,"column":48}},"95":{"start":{"line":556,"column":8},"end":{"line":556,"column":42}},"96":{"start":{"line":559,"column":8},"end":{"line":559,"column":24}},"97":{"start":{"line":560,"column":8},"end":{"line":560,"column":19}},"98":{"start":{"line":561,"column":8},"end":{"line":561,"column":23}},"99":{"start":{"line":562,"column":8},"end":{"line":562,"column":25}},"100":{"start":{"line":563,"column":8},"end":{"line":563,"column":27}},"101":{"start":{"line":564,"column":8},"end":{"line":564,"column":58}},"102":{"start":{"line":566,"column":8},"end":{"line":566,"column":47}},"103":{"start":{"line":567,"column":8},"end":{"line":567,"column":25}},"104":{"start":{"line":569,"column":8},"end":{"line":569,"column":37}},"105":{"start":{"line":570,"column":8},"end":{"line":570,"column":20}},"106":{"start":{"line":573,"column":8},"end":{"line":573,"column":32}},"107":{"start":{"line":574,"column":8},"end":{"line":574,"column":21}},"108":{"start":{"line":575,"column":8},"end":{"line":575,"column":26}},"109":{"start":{"line":576,"column":8},"end":{"line":576,"column":29}},"110":{"start":{"line":578,"column":8},"end":{"line":578,"column":22739}},"111":{"start":{"line":592,"column":8},"end":{"line":592,"column":60}},"112":{"start":{"line":593,"column":8},"end":{"line":593,"column":37}},"113":{"start":{"line":594,"column":8},"end":{"line":594,"column":45}},"114":{"start":{"line":596,"column":8},"end":{"line":596,"column":28}},"115":{"start":{"line":603,"column":8},"end":{"line":603,"column":76}},"116":{"start":{"line":606,"column":8},"end":{"line":606,"column":34}},"117":{"start":{"line":608,"column":8},"end":{"line":608,"column":25}},"118":{"start":{"line":611,"column":8},"end":{"line":611,"column":54}},"119":{"start":{"line":614,"column":8},"end":{"line":614,"column":44}},"120":{"start":{"line":615,"column":8},"end":{"line":615,"column":28}},"121":{"start":{"line":617,"column":8},"end":{"line":617,"column":60}},"122":{"start":{"line":618,"column":8},"end":{"line":618,"column":36}}},"branchMap":{"1":{"line":128,"type":"if","locations":[{"start":{"line":128,"column":8},"end":{"line":128,"column":8}},{"start":{"line":128,"column":8},"end":{"line":128,"column":8}}]},"2":{"line":131,"type":"if","locations":[{"start":{"line":131,"column":8},"end":{"line":131,"column":8}},{"start":{"line":131,"column":8},"end":{"line":131,"column":8}}]},"3":{"line":233,"type":"if","locations":[{"start":{"line":233,"column":8},"end":{"line":233,"column":8}},{"start":{"line":233,"column":8},"end":{"line":233,"column":8}}]},"4":{"line":256,"type":"if","locations":[{"start":{"line":256,"column":8},"end":{"line":256,"column":8}},{"start":{"line":256,"column":8},"end":{"line":256,"column":8}}]},"5":{"line":257,"type":"if","locations":[{"start":{"line":257,"column":8},"end":{"line":257,"column":8}},{"start":{"line":257,"column":8},"end":{"line":257,"column":8}}]},"6":{"line":276,"type":"if","locations":[{"start":{"line":276,"column":8},"end":{"line":276,"column":8}},{"start":{"line":276,"column":8},"end":{"line":276,"column":8}}]},"7":{"line":277,"type":"if","locations":[{"start":{"line":277,"column":8},"end":{"line":277,"column":8}},{"start":{"line":277,"column":8},"end":{"line":277,"column":8}}]},"8":{"line":280,"type":"if","locations":[{"start":{"line":280,"column":8},"end":{"line":280,"column":8}},{"start":{"line":280,"column":8},"end":{"line":280,"column":8}}]},"9":{"line":312,"type":"if","locations":[{"start":{"line":312,"column":8},"end":{"line":312,"column":8}},{"start":{"line":312,"column":8},"end":{"line":312,"column":8}}]},"10":{"line":316,"type":"if","locations":[{"start":{"line":316,"column":8},"end":{"line":316,"column":8}},{"start":{"line":316,"column":8},"end":{"line":316,"column":8}}]},"11":{"line":319,"type":"if","locations":[{"start":{"line":319,"column":8},"end":{"line":319,"column":8}},{"start":{"line":319,"column":8},"end":{"line":319,"column":8}}]},"12":{"line":324,"type":"if","locations":[{"start":{"line":324,"column":8},"end":{"line":324,"column":8}},{"start":{"line":324,"column":8},"end":{"line":324,"column":8}}]},"13":{"line":325,"type":"if","locations":[{"start":{"line":325,"column":8},"end":{"line":325,"column":8}},{"start":{"line":325,"column":8},"end":{"line":325,"column":8}}]},"14":{"line":337,"type":"if","locations":[{"start":{"line":337,"column":8},"end":{"line":337,"column":8}},{"start":{"line":337,"column":8},"end":{"line":337,"column":8}}]},"15":{"line":344,"type":"if","locations":[{"start":{"line":344,"column":8},"end":{"line":344,"column":8}},{"start":{"line":344,"column":8},"end":{"line":344,"column":8}}]},"16":{"line":349,"type":"if","locations":[{"start":{"line":349,"column":8},"end":{"line":349,"column":8}},{"start":{"line":349,"column":8},"end":{"line":349,"column":8}}]},"17":{"line":350,"type":"if","locations":[{"start":{"line":350,"column":12},"end":{"line":350,"column":12}},{"start":{"line":350,"column":12},"end":{"line":350,"column":12}}]},"18":{"line":385,"type":"if","locations":[{"start":{"line":385,"column":8},"end":{"line":385,"column":8}},{"start":{"line":385,"column":8},"end":{"line":385,"column":8}}]},"19":{"line":387,"type":"if","locations":[{"start":{"line":387,"column":8},"end":{"line":387,"column":8}},{"start":{"line":387,"column":8},"end":{"line":387,"column":8}}]},"20":{"line":404,"type":"if","locations":[{"start":{"line":404,"column":8},"end":{"line":404,"column":8}},{"start":{"line":404,"column":8},"end":{"line":404,"column":8}}]},"21":{"line":431,"type":"if","locations":[{"start":{"line":431,"column":8},"end":{"line":431,"column":8}},{"start":{"line":431,"column":8},"end":{"line":431,"column":8}}]},"22":{"line":438,"type":"if","locations":[{"start":{"line":438,"column":8},"end":{"line":438,"column":8}},{"start":{"line":438,"column":8},"end":{"line":438,"column":8}}]},"23":{"line":444,"type":"if","locations":[{"start":{"line":444,"column":12},"end":{"line":444,"column":12}},{"start":{"line":444,"column":12},"end":{"line":444,"column":12}}]},"24":{"line":452,"type":"if","locations":[{"start":{"line":452,"column":8},"end":{"line":452,"column":8}},{"start":{"line":452,"column":8},"end":{"line":452,"column":8}}]},"25":{"line":458,"type":"if","locations":[{"start":{"line":458,"column":8},"end":{"line":458,"column":8}},{"start":{"line":458,"column":8},"end":{"line":458,"column":8}}]},"26":{"line":462,"type":"if","locations":[{"start":{"line":462,"column":8},"end":{"line":462,"column":8}},{"start":{"line":462,"column":8},"end":{"line":462,"column":8}}]},"27":{"line":466,"type":"if","locations":[{"start":{"line":466,"column":8},"end":{"line":466,"column":8}},{"start":{"line":466,"column":8},"end":{"line":466,"column":8}}]},"28":{"line":511,"type":"if","locations":[{"start":{"line":511,"column":8},"end":{"line":511,"column":8}},{"start":{"line":511,"column":8},"end":{"line":511,"column":8}}]},"29":{"line":512,"type":"if","locations":[{"start":{"line":512,"column":12},"end":{"line":512,"column":12}},{"start":{"line":512,"column":12},"end":{"line":512,"column":12}}]},"30":{"line":514,"type":"if","locations":[{"start":{"line":514,"column":8},"end":{"line":514,"column":8}},{"start":{"line":514,"column":8},"end":{"line":514,"column":8}}]},"31":{"line":542,"type":"if","locations":[{"start":{"line":542,"column":8},"end":{"line":542,"column":8}},{"start":{"line":542,"column":8},"end":{"line":542,"column":8}}]},"32":{"line":550,"type":"if","locations":[{"start":{"line":550,"column":8},"end":{"line":550,"column":8}},{"start":{"line":550,"column":8},"end":{"line":550,"column":8}}]},"33":{"line":608,"type":"if","locations":[{"start":{"line":608,"column":8},"end":{"line":608,"column":8}},{"start":{"line":608,"column":8},"end":{"line":608,"column":8}}]}}}}