{"contracts/BlockhashRegistry.sol":{"l":{"36":73,"45":3,"47":2,"48":17,"49":1,"65":7,"66":7,"68":6,"70":5,"71":5,"73":4,"74":4,"76":3,"77":3,"79":2,"80":2,"88":80,"90":79,"92":79,"94":77,"95":77,"101":74,"110":217,"114":217,"117":210,"118":210,"122":209,"135":209,"136":208,"146":23,"147":22,"148":21,"149":21,"150":21,"153":21,"154":153,"155":147,"156":7,"158":140,"161":8},"path":"/Users/mkuechler/Documents/in3-stuff/in3-contracts/contracts/BlockhashRegistry.sol","s":{"1":73,"2":3,"3":2,"4":17,"5":1,"6":7,"7":7,"8":6,"9":5,"10":5,"11":4,"12":4,"13":3,"14":3,"15":2,"16":2,"17":80,"18":79,"19":79,"20":77,"21":77,"22":74,"23":217,"24":217,"25":210,"26":210,"27":209,"28":208,"29":23,"30":22,"31":21,"32":21,"33":21,"34":21,"35":153,"36":147,"37":7,"38":140,"39":8},"b":{"1":[2,1],"2":[1,16],"3":[7,0],"4":[6,1],"5":[5,1],"6":[4,1],"7":[3,1],"8":[2,1],"9":[79,1],"10":[77,2],"11":[210,7],"12":[209,1],"13":[208,1],"14":[22,1],"15":[21,1],"16":[7,140]},"f":{"1":73,"2":3,"3":7,"4":80,"5":74,"6":217,"7":23},"fnMap":{"1":{"name":"constructor","line":35,"loc":{"start":{"line":35,"column":4},"end":{"line":35,"column":22}}},"2":{"name":"searchForAvailableBlock","line":43,"loc":{"start":{"line":43,"column":4},"end":{"line":43,"column":99}}},"3":{"name":"recreateBlockheaders","line":63,"loc":{"start":{"line":63,"column":4},"end":{"line":63,"column":87}}},"4":{"name":"saveBlockNumber","line":86,"loc":{"start":{"line":86,"column":4},"end":{"line":86,"column":52}}},"5":{"name":"snapshot","line":99,"loc":{"start":{"line":99,"column":4},"end":{"line":99,"column":28}}},"6":{"name":"getParentAndBlockhash","line":107,"loc":{"start":{"line":107,"column":4},"end":{"line":107,"column":115}}},"7":{"name":"reCalculateBlockheaders","line":144,"loc":{"start":{"line":144,"column":4},"end":{"line":144,"column":116}}}},"statementMap":{"1":{"start":{"line":36,"column":8},"end":{"line":36,"column":17}},"2":{"start":{"line":45,"column":8},"end":{"line":45,"column":77}},"3":{"start":{"line":47,"column":8},"end":{"line":47,"column":2124}},"4":{"start":{"line":48,"column":12},"end":{"line":48,"column":2209}},"5":{"start":{"line":49,"column":16},"end":{"line":49,"column":24}},"6":{"start":{"line":65,"column":8},"end":{"line":65,"column":50}},"7":{"start":{"line":66,"column":8},"end":{"line":66,"column":87}},"8":{"start":{"line":68,"column":8},"end":{"line":68,"column":68}},"9":{"start":{"line":70,"column":8},"end":{"line":70,"column":54}},"10":{"start":{"line":71,"column":8},"end":{"line":71,"column":68}},"11":{"start":{"line":73,"column":8},"end":{"line":73,"column":65}},"12":{"start":{"line":74,"column":8},"end":{"line":74,"column":71}},"13":{"start":{"line":76,"column":8},"end":{"line":76,"column":89}},"14":{"start":{"line":77,"column":8},"end":{"line":77,"column":56}},"15":{"start":{"line":79,"column":8},"end":{"line":79,"column":45}},"16":{"start":{"line":80,"column":8},"end":{"line":80,"column":51}},"17":{"start":{"line":88,"column":8},"end":{"line":88,"column":77}},"18":{"start":{"line":90,"column":8},"end":{"line":90,"column":47}},"19":{"start":{"line":92,"column":8},"end":{"line":92,"column":51}},"20":{"start":{"line":94,"column":8},"end":{"line":94,"column":45}},"21":{"start":{"line":95,"column":8},"end":{"line":95,"column":51}},"22":{"start":{"line":101,"column":8},"end":{"line":101,"column":38}},"23":{"start":{"line":110,"column":8},"end":{"line":110,"column":44}},"24":{"start":{"line":114,"column":8},"end":{"line":114,"column":46}},"25":{"start":{"line":117,"column":8},"end":{"line":117,"column":39}},"26":{"start":{"line":118,"column":8},"end":{"line":118,"column":65}},"27":{"start":{"line":135,"column":8},"end":{"line":135,"column":55}},"28":{"start":{"line":136,"column":8},"end":{"line":136,"column":38}},"29":{"start":{"line":146,"column":8},"end":{"line":146,"column":68}},"30":{"start":{"line":147,"column":8},"end":{"line":147,"column":59}},"31":{"start":{"line":148,"column":8},"end":{"line":148,"column":41}},"32":{"start":{"line":149,"column":8},"end":{"line":149,"column":32}},"33":{"start":{"line":150,"column":8},"end":{"line":150,"column":35}},"34":{"start":{"line":153,"column":8},"end":{"line":153,"column":7588}},"35":{"start":{"line":154,"column":12},"end":{"line":154,"column":80}},"36":{"start":{"line":155,"column":12},"end":{"line":155,"column":7737}},"37":{"start":{"line":156,"column":16},"end":{"line":156,"column":26}},"38":{"start":{"line":158,"column":12},"end":{"line":158,"column":40}},"39":{"start":{"line":161,"column":8},"end":{"line":161,"column":31}}},"branchMap":{"1":{"line":45,"type":"if","locations":[{"start":{"line":45,"column":8},"end":{"line":45,"column":8}},{"start":{"line":45,"column":8},"end":{"line":45,"column":8}}]},"2":{"line":48,"type":"if","locations":[{"start":{"line":48,"column":12},"end":{"line":48,"column":12}},{"start":{"line":48,"column":12},"end":{"line":48,"column":12}}]},"3":{"line":65,"type":"if","locations":[{"start":{"line":65,"column":8},"end":{"line":65,"column":8}},{"start":{"line":65,"column":8},"end":{"line":65,"column":8}}]},"4":{"line":66,"type":"if","locations":[{"start":{"line":66,"column":8},"end":{"line":66,"column":8}},{"start":{"line":66,"column":8},"end":{"line":66,"column":8}}]},"5":{"line":68,"type":"if","locations":[{"start":{"line":68,"column":8},"end":{"line":68,"column":8}},{"start":{"line":68,"column":8},"end":{"line":68,"column":8}}]},"6":{"line":71,"type":"if","locations":[{"start":{"line":71,"column":8},"end":{"line":71,"column":8}},{"start":{"line":71,"column":8},"end":{"line":71,"column":8}}]},"7":{"line":74,"type":"if","locations":[{"start":{"line":74,"column":8},"end":{"line":74,"column":8}},{"start":{"line":74,"column":8},"end":{"line":74,"column":8}}]},"8":{"line":77,"type":"if","locations":[{"start":{"line":77,"column":8},"end":{"line":77,"column":8}},{"start":{"line":77,"column":8},"end":{"line":77,"column":8}}]},"9":{"line":88,"type":"if","locations":[{"start":{"line":88,"column":8},"end":{"line":88,"column":8}},{"start":{"line":88,"column":8},"end":{"line":88,"column":8}}]},"10":{"line":92,"type":"if","locations":[{"start":{"line":92,"column":8},"end":{"line":92,"column":8}},{"start":{"line":92,"column":8},"end":{"line":92,"column":8}}]},"11":{"line":114,"type":"if","locations":[{"start":{"line":114,"column":8},"end":{"line":114,"column":8}},{"start":{"line":114,"column":8},"end":{"line":114,"column":8}}]},"12":{"line":118,"type":"if","locations":[{"start":{"line":118,"column":8},"end":{"line":118,"column":8}},{"start":{"line":118,"column":8},"end":{"line":118,"column":8}}]},"13":{"line":135,"type":"if","locations":[{"start":{"line":135,"column":8},"end":{"line":135,"column":8}},{"start":{"line":135,"column":8},"end":{"line":135,"column":8}}]},"14":{"line":146,"type":"if","locations":[{"start":{"line":146,"column":8},"end":{"line":146,"column":8}},{"start":{"line":146,"column":8},"end":{"line":146,"column":8}}]},"15":{"line":147,"type":"if","locations":[{"start":{"line":147,"column":8},"end":{"line":147,"column":8}},{"start":{"line":147,"column":8},"end":{"line":147,"column":8}}]},"16":{"line":155,"type":"if","locations":[{"start":{"line":155,"column":12},"end":{"line":155,"column":12}},{"start":{"line":155,"column":12},"end":{"line":155,"column":12}}]}}},"contracts/NodeRegistry.sol":{"l":{"132":22,"133":22,"135":19,"136":19,"144":49,"145":48,"148":48,"149":48,"150":48,"163":4,"164":3,"166":2,"167":2,"169":2,"178":12,"196":51,"234":5,"235":5,"244":5,"246":5,"248":4,"255":4,"257":3,"276":4,"278":4,"279":3,"282":2,"284":1,"285":1,"287":1,"289":1,"314":11,"315":11,"318":10,"320":10,"321":2,"324":10,"327":9,"329":8,"335":8,"339":8,"341":7,"342":6,"343":5,"355":4,"357":4,"359":4,"360":3,"361":3,"362":3,"365":1,"366":1,"367":1,"370":4,"373":4,"375":4,"379":4,"393":3,"394":3,"396":2,"397":1,"399":1,"413":6,"414":6,"415":6,"417":5,"441":6,"442":6,"444":5,"446":5,"447":5,"450":5,"453":4,"455":3,"456":3,"457":3,"458":3,"459":3,"462":3,"465":4,"466":2,"469":4,"471":4,"472":3,"475":4,"476":1,"478":3,"481":3,"482":2,"485":3,"487":3,"498":96,"506":50,"526":56,"527":55,"529":55,"557":54,"558":53,"560":52,"562":49,"566":49,"570":47,"571":47,"572":47,"575":47,"576":47,"577":47,"578":47,"579":47,"580":47,"582":47,"583":47,"585":47,"586":47,"589":47,"590":47,"591":47,"592":47,"594":47,"608":7,"609":7,"610":7,"612":7,"619":10,"621":10,"623":10,"624":10,"626":10,"629":10,"630":10,"632":10,"633":10,"634":10},"path":"/Users/mkuechler/Documents/in3-stuff/in3-contracts/contracts/NodeRegistry.sol","s":{"1":22,"2":22,"3":19,"4":49,"5":48,"6":48,"7":48,"8":48,"9":4,"10":3,"11":2,"12":2,"13":2,"14":12,"15":51,"16":5,"17":5,"18":5,"19":5,"20":4,"21":4,"22":3,"23":4,"24":4,"25":3,"26":2,"27":1,"28":1,"29":1,"30":11,"31":11,"32":10,"33":10,"34":2,"35":10,"36":9,"37":8,"38":8,"39":8,"40":7,"41":6,"42":5,"43":4,"44":4,"45":4,"46":3,"47":3,"48":3,"49":1,"50":1,"51":1,"52":4,"53":4,"54":4,"55":4,"56":3,"57":3,"58":2,"59":1,"60":1,"61":6,"62":6,"63":6,"64":5,"65":6,"66":6,"67":5,"68":5,"69":5,"70":5,"71":4,"72":3,"73":3,"74":3,"75":3,"76":3,"77":4,"78":2,"79":4,"80":4,"81":3,"82":4,"83":1,"84":3,"85":3,"86":2,"87":3,"88":3,"89":96,"90":50,"91":56,"92":55,"93":55,"94":54,"95":53,"96":52,"97":49,"98":49,"99":47,"100":47,"101":47,"102":47,"103":47,"104":47,"105":47,"106":47,"107":47,"108":47,"109":47,"110":47,"111":47,"112":47,"113":47,"114":47,"115":47,"116":47,"117":7,"118":7,"119":7,"120":7,"121":10,"122":10,"123":10,"124":10,"125":10,"126":10,"127":10,"128":10},"b":{"1":[19,3],"2":[19,0],"3":[48,1],"4":[3,1],"5":[2,1],"6":[4,1],"7":[3,1],"8":[3,1],"9":[2,1],"10":[1,1],"11":[10,1],"12":[2,8],"13":[9,1],"14":[8,1],"15":[7,1],"16":[6,1],"17":[5,1],"18":[4,1],"19":[3,1],"20":[3,0],"21":[2,1],"22":[1,1],"23":[5,1],"24":[5,1],"25":[4,1],"26":[3,1],"27":[2,2],"28":[3,1],"29":[1,3],"30":[2,1],"31":[2,1],"32":[55,1],"33":[54,1],"34":[53,2],"35":[53,1],"36":[52,1],"37":[47,2],"38":[10,0],"39":[10,0]},"f":{"1":22,"2":49,"3":4,"4":12,"5":51,"6":5,"7":4,"8":11,"9":3,"10":6,"11":6,"12":96,"13":50,"14":56,"15":54,"16":7,"17":10},"fnMap":{"1":{"name":"onlyActiveState","line":130,"loc":{"start":{"line":130,"column":4},"end":{"line":130,"column":43}}},"2":{"name":"constructor","line":142,"loc":{"start":{"line":142,"column":4},"end":{"line":142,"column":54}}},"3":{"name":"adminRemoveNodeFromRegistry","line":157,"loc":{"start":{"line":157,"column":4},"end":{"line":160,"column":5}}},"4":{"name":"convict","line":177,"loc":{"start":{"line":177,"column":4},"end":{"line":177,"column":42}}},"5":{"name":"registerNode","line":187,"loc":{"start":{"line":187,"column":4},"end":{"line":195,"column":5}}},"6":{"name":"registerNodeFor","line":220,"loc":{"start":{"line":220,"column":4},"end":{"line":232,"column":5}}},"7":{"name":"returnDeposit","line":274,"loc":{"start":{"line":274,"column":4},"end":{"line":274,"column":50}}},"8":{"name":"revealConvict","line":304,"loc":{"start":{"line":304,"column":4},"end":{"line":313,"column":5}}},"9":{"name":"transferOwnership","line":389,"loc":{"start":{"line":389,"column":4},"end":{"line":392,"column":5}}},"10":{"name":"unregisteringNode","line":408,"loc":{"start":{"line":408,"column":4},"end":{"line":411,"column":5}}},"11":{"name":"updateNode","line":430,"loc":{"start":{"line":430,"column":4},"end":{"line":440,"column":5}}},"12":{"name":"totalNodes","line":497,"loc":{"start":{"line":497,"column":4},"end":{"line":497,"column":52}}},"13":{"name":"_calcProofHashInternal","line":504,"loc":{"start":{"line":504,"column":4},"end":{"line":504,"column":87}}},"14":{"name":"_checkNodePropertiesInternal","line":523,"loc":{"start":{"line":523,"column":4},"end":{"line":523,"column":88}}},"15":{"name":"_registerNodeInternal","line":544,"loc":{"start":{"line":544,"column":4},"end":{"line":554,"column":5}}},"16":{"name":"_unregisterNodeInternal","line":605,"loc":{"start":{"line":605,"column":4},"end":{"line":605,"column":94}}},"17":{"name":"_removeNodeInternal","line":617,"loc":{"start":{"line":617,"column":4},"end":{"line":617,"column":56}}}},"statementMap":{"1":{"start":{"line":132,"column":8},"end":{"line":132,"column":58}},"2":{"start":{"line":133,"column":8},"end":{"line":133,"column":73}},"3":{"start":{"line":135,"column":8},"end":{"line":135,"column":48}},"4":{"start":{"line":144,"column":8},"end":{"line":144,"column":78}},"5":{"start":{"line":145,"column":8},"end":{"line":145,"column":37}},"6":{"start":{"line":148,"column":8},"end":{"line":148,"column":66}},"7":{"start":{"line":149,"column":8},"end":{"line":149,"column":89}},"8":{"start":{"line":150,"column":8},"end":{"line":150,"column":33}},"9":{"start":{"line":163,"column":8},"end":{"line":163,"column":77}},"10":{"start":{"line":164,"column":8},"end":{"line":164,"column":92}},"11":{"start":{"line":166,"column":8},"end":{"line":166,"column":59}},"12":{"start":{"line":167,"column":8},"end":{"line":167,"column":42}},"13":{"start":{"line":169,"column":8},"end":{"line":169,"column":37}},"14":{"start":{"line":178,"column":8},"end":{"line":178,"column":55}},"15":{"start":{"line":196,"column":8},"end":{"line":196,"column":8527}},"16":{"start":{"line":234,"column":8},"end":{"line":234,"column":64}},"17":{"start":{"line":235,"column":8},"end":{"line":235,"column":9928}},"18":{"start":{"line":244,"column":8},"end":{"line":244,"column":76}},"19":{"start":{"line":246,"column":8},"end":{"line":246,"column":57}},"20":{"start":{"line":248,"column":8},"end":{"line":248,"column":10285}},"21":{"start":{"line":255,"column":8},"end":{"line":255,"column":85}},"22":{"start":{"line":257,"column":8},"end":{"line":257,"column":10494}},"23":{"start":{"line":276,"column":8},"end":{"line":276,"column":59}},"24":{"start":{"line":278,"column":8},"end":{"line":278,"column":82}},"25":{"start":{"line":279,"column":8},"end":{"line":279,"column":70}},"26":{"start":{"line":282,"column":8},"end":{"line":282,"column":71}},"27":{"start":{"line":284,"column":8},"end":{"line":284,"column":38}},"28":{"start":{"line":287,"column":8},"end":{"line":287,"column":51}},"29":{"start":{"line":289,"column":8},"end":{"line":289,"column":34}},"30":{"start":{"line":314,"column":8},"end":{"line":314,"column":59}},"31":{"start":{"line":315,"column":8},"end":{"line":315,"column":70}},"32":{"start":{"line":318,"column":8},"end":{"line":318,"column":54}},"33":{"start":{"line":320,"column":8},"end":{"line":320,"column":12980}},"34":{"start":{"line":321,"column":12},"end":{"line":321,"column":70}},"35":{"start":{"line":324,"column":8},"end":{"line":324,"column":54}},"36":{"start":{"line":327,"column":8},"end":{"line":327,"column":84}},"37":{"start":{"line":329,"column":8},"end":{"line":329,"column":13313}},"38":{"start":{"line":335,"column":8},"end":{"line":335,"column":81}},"39":{"start":{"line":339,"column":8},"end":{"line":339,"column":61}},"40":{"start":{"line":341,"column":8},"end":{"line":341,"column":84}},"41":{"start":{"line":342,"column":8},"end":{"line":342,"column":55}},"42":{"start":{"line":343,"column":8},"end":{"line":343,"column":14011}},"43":{"start":{"line":355,"column":8},"end":{"line":355,"column":38}},"44":{"start":{"line":357,"column":8},"end":{"line":357,"column":24}},"45":{"start":{"line":359,"column":8},"end":{"line":359,"column":14423}},"46":{"start":{"line":360,"column":12},"end":{"line":360,"column":52}},"47":{"start":{"line":361,"column":12},"end":{"line":361,"column":44}},"48":{"start":{"line":362,"column":12},"end":{"line":362,"column":40}},"49":{"start":{"line":365,"column":12},"end":{"line":365,"column":37}},"50":{"start":{"line":366,"column":12},"end":{"line":366,"column":31}},"51":{"start":{"line":367,"column":12},"end":{"line":367,"column":28}},"52":{"start":{"line":370,"column":8},"end":{"line":370,"column":34}},"53":{"start":{"line":373,"column":8},"end":{"line":373,"column":33}},"54":{"start":{"line":375,"column":8},"end":{"line":375,"column":34}},"55":{"start":{"line":379,"column":8},"end":{"line":379,"column":42}},"56":{"start":{"line":393,"column":8},"end":{"line":393,"column":59}},"57":{"start":{"line":394,"column":8},"end":{"line":394,"column":69}},"58":{"start":{"line":396,"column":8},"end":{"line":396,"column":67}},"59":{"start":{"line":397,"column":8},"end":{"line":397,"column":62}},"60":{"start":{"line":399,"column":8},"end":{"line":399,"column":27}},"61":{"start":{"line":413,"column":8},"end":{"line":413,"column":59}},"62":{"start":{"line":414,"column":8},"end":{"line":414,"column":42}},"63":{"start":{"line":415,"column":8},"end":{"line":415,"column":69}},"64":{"start":{"line":417,"column":8},"end":{"line":417,"column":37}},"65":{"start":{"line":441,"column":8},"end":{"line":441,"column":58}},"66":{"start":{"line":442,"column":8},"end":{"line":442,"column":60}},"67":{"start":{"line":444,"column":8},"end":{"line":444,"column":46}},"68":{"start":{"line":446,"column":8},"end":{"line":446,"column":47}},"69":{"start":{"line":447,"column":8},"end":{"line":447,"column":51}},"70":{"start":{"line":450,"column":8},"end":{"line":450,"column":18199}},"71":{"start":{"line":453,"column":12},"end":{"line":453,"column":67}},"72":{"start":{"line":455,"column":12},"end":{"line":455,"column":36}},"73":{"start":{"line":456,"column":12},"end":{"line":456,"column":25}},"74":{"start":{"line":457,"column":12},"end":{"line":457,"column":34}},"75":{"start":{"line":458,"column":12},"end":{"line":458,"column":32}},"76":{"start":{"line":459,"column":12},"end":{"line":459,"column":26}},"77":{"start":{"line":465,"column":8},"end":{"line":465,"column":18616}},"78":{"start":{"line":466,"column":12},"end":{"line":466,"column":36}},"79":{"start":{"line":469,"column":8},"end":{"line":469,"column":59}},"80":{"start":{"line":471,"column":8},"end":{"line":471,"column":18758}},"81":{"start":{"line":472,"column":12},"end":{"line":472,"column":30}},"82":{"start":{"line":475,"column":8},"end":{"line":475,"column":18838}},"83":{"start":{"line":476,"column":12},"end":{"line":476,"column":34}},"84":{"start":{"line":478,"column":12},"end":{"line":478,"column":80}},"85":{"start":{"line":481,"column":8},"end":{"line":481,"column":19025}},"86":{"start":{"line":482,"column":12},"end":{"line":482,"column":32}},"87":{"start":{"line":485,"column":8},"end":{"line":485,"column":52}},"88":{"start":{"line":487,"column":8},"end":{"line":487,"column":19166}},"89":{"start":{"line":498,"column":8},"end":{"line":498,"column":27}},"90":{"start":{"line":506,"column":8},"end":{"line":506,"column":19802}},"91":{"start":{"line":526,"column":8},"end":{"line":526,"column":20648}},"92":{"start":{"line":527,"column":12},"end":{"line":527,"column":84}},"93":{"start":{"line":529,"column":8},"end":{"line":529,"column":71}},"94":{"start":{"line":557,"column":8},"end":{"line":557,"column":61}},"95":{"start":{"line":558,"column":8},"end":{"line":558,"column":56}},"96":{"start":{"line":560,"column":8},"end":{"line":560,"column":55}},"97":{"start":{"line":562,"column":8},"end":{"line":562,"column":48}},"98":{"start":{"line":566,"column":8},"end":{"line":566,"column":22377}},"99":{"start":{"line":570,"column":8},"end":{"line":570,"column":49}},"100":{"start":{"line":571,"column":8},"end":{"line":571,"column":48}},"101":{"start":{"line":572,"column":8},"end":{"line":572,"column":42}},"102":{"start":{"line":575,"column":8},"end":{"line":575,"column":24}},"103":{"start":{"line":576,"column":8},"end":{"line":576,"column":19}},"104":{"start":{"line":577,"column":8},"end":{"line":577,"column":23}},"105":{"start":{"line":578,"column":8},"end":{"line":578,"column":25}},"106":{"start":{"line":579,"column":8},"end":{"line":579,"column":27}},"107":{"start":{"line":580,"column":8},"end":{"line":580,"column":27}},"108":{"start":{"line":582,"column":8},"end":{"line":582,"column":47}},"109":{"start":{"line":583,"column":8},"end":{"line":583,"column":25}},"110":{"start":{"line":585,"column":8},"end":{"line":585,"column":46}},"111":{"start":{"line":586,"column":8},"end":{"line":586,"column":20}},"112":{"start":{"line":589,"column":8},"end":{"line":589,"column":32}},"113":{"start":{"line":590,"column":8},"end":{"line":590,"column":21}},"114":{"start":{"line":591,"column":8},"end":{"line":591,"column":26}},"115":{"start":{"line":592,"column":8},"end":{"line":592,"column":29}},"116":{"start":{"line":594,"column":8},"end":{"line":594,"column":23281}},"117":{"start":{"line":608,"column":8},"end":{"line":608,"column":60}},"118":{"start":{"line":609,"column":8},"end":{"line":609,"column":37}},"119":{"start":{"line":610,"column":8},"end":{"line":610,"column":45}},"120":{"start":{"line":612,"column":8},"end":{"line":612,"column":37}},"121":{"start":{"line":619,"column":8},"end":{"line":619,"column":72}},"122":{"start":{"line":621,"column":8},"end":{"line":621,"column":76}},"123":{"start":{"line":624,"column":8},"end":{"line":624,"column":34}},"124":{"start":{"line":626,"column":8},"end":{"line":626,"column":25}},"125":{"start":{"line":629,"column":8},"end":{"line":629,"column":44}},"126":{"start":{"line":630,"column":8},"end":{"line":630,"column":28}},"127":{"start":{"line":632,"column":8},"end":{"line":632,"column":60}},"128":{"start":{"line":633,"column":8},"end":{"line":633,"column":28}}},"branchMap":{"1":{"line":133,"type":"if","locations":[{"start":{"line":133,"column":8},"end":{"line":133,"column":8}},{"start":{"line":133,"column":8},"end":{"line":133,"column":8}}]},"2":{"line":135,"type":"if","locations":[{"start":{"line":135,"column":8},"end":{"line":135,"column":8}},{"start":{"line":135,"column":8},"end":{"line":135,"column":8}}]},"3":{"line":144,"type":"if","locations":[{"start":{"line":144,"column":8},"end":{"line":144,"column":8}},{"start":{"line":144,"column":8},"end":{"line":144,"column":8}}]},"4":{"line":163,"type":"if","locations":[{"start":{"line":163,"column":8},"end":{"line":163,"column":8}},{"start":{"line":163,"column":8},"end":{"line":163,"column":8}}]},"5":{"line":164,"type":"if","locations":[{"start":{"line":164,"column":8},"end":{"line":164,"column":8}},{"start":{"line":164,"column":8},"end":{"line":164,"column":8}}]},"6":{"line":246,"type":"if","locations":[{"start":{"line":246,"column":8},"end":{"line":246,"column":8}},{"start":{"line":246,"column":8},"end":{"line":246,"column":8}}]},"7":{"line":255,"type":"if","locations":[{"start":{"line":255,"column":8},"end":{"line":255,"column":8}},{"start":{"line":255,"column":8},"end":{"line":255,"column":8}}]},"8":{"line":278,"type":"if","locations":[{"start":{"line":278,"column":8},"end":{"line":278,"column":8}},{"start":{"line":278,"column":8},"end":{"line":278,"column":8}}]},"9":{"line":279,"type":"if","locations":[{"start":{"line":279,"column":8},"end":{"line":279,"column":8}},{"start":{"line":279,"column":8},"end":{"line":279,"column":8}}]},"10":{"line":282,"type":"if","locations":[{"start":{"line":282,"column":8},"end":{"line":282,"column":8}},{"start":{"line":282,"column":8},"end":{"line":282,"column":8}}]},"11":{"line":315,"type":"if","locations":[{"start":{"line":315,"column":8},"end":{"line":315,"column":8}},{"start":{"line":315,"column":8},"end":{"line":315,"column":8}}]},"12":{"line":320,"type":"if","locations":[{"start":{"line":320,"column":8},"end":{"line":320,"column":8}},{"start":{"line":320,"column":8},"end":{"line":320,"column":8}}]},"13":{"line":324,"type":"if","locations":[{"start":{"line":324,"column":8},"end":{"line":324,"column":8}},{"start":{"line":324,"column":8},"end":{"line":324,"column":8}}]},"14":{"line":327,"type":"if","locations":[{"start":{"line":327,"column":8},"end":{"line":327,"column":8}},{"start":{"line":327,"column":8},"end":{"line":327,"column":8}}]},"15":{"line":339,"type":"if","locations":[{"start":{"line":339,"column":8},"end":{"line":339,"column":8}},{"start":{"line":339,"column":8},"end":{"line":339,"column":8}}]},"16":{"line":341,"type":"if","locations":[{"start":{"line":341,"column":8},"end":{"line":341,"column":8}},{"start":{"line":341,"column":8},"end":{"line":341,"column":8}}]},"17":{"line":342,"type":"if","locations":[{"start":{"line":342,"column":8},"end":{"line":342,"column":8}},{"start":{"line":342,"column":8},"end":{"line":342,"column":8}}]},"18":{"line":343,"type":"if","locations":[{"start":{"line":343,"column":8},"end":{"line":343,"column":8}},{"start":{"line":343,"column":8},"end":{"line":343,"column":8}}]},"19":{"line":359,"type":"if","locations":[{"start":{"line":359,"column":8},"end":{"line":359,"column":8}},{"start":{"line":359,"column":8},"end":{"line":359,"column":8}}]},"20":{"line":360,"type":"if","locations":[{"start":{"line":360,"column":12},"end":{"line":360,"column":12}},{"start":{"line":360,"column":12},"end":{"line":360,"column":12}}]},"21":{"line":394,"type":"if","locations":[{"start":{"line":394,"column":8},"end":{"line":394,"column":8}},{"start":{"line":394,"column":8},"end":{"line":394,"column":8}}]},"22":{"line":396,"type":"if","locations":[{"start":{"line":396,"column":8},"end":{"line":396,"column":8}},{"start":{"line":396,"column":8},"end":{"line":396,"column":8}}]},"23":{"line":415,"type":"if","locations":[{"start":{"line":415,"column":8},"end":{"line":415,"column":8}},{"start":{"line":415,"column":8},"end":{"line":415,"column":8}}]},"24":{"line":442,"type":"if","locations":[{"start":{"line":442,"column":8},"end":{"line":442,"column":8}},{"start":{"line":442,"column":8},"end":{"line":442,"column":8}}]},"25":{"line":450,"type":"if","locations":[{"start":{"line":450,"column":8},"end":{"line":450,"column":8}},{"start":{"line":450,"column":8},"end":{"line":450,"column":8}}]},"26":{"line":453,"type":"if","locations":[{"start":{"line":453,"column":12},"end":{"line":453,"column":12}},{"start":{"line":453,"column":12},"end":{"line":453,"column":12}}]},"27":{"line":465,"type":"if","locations":[{"start":{"line":465,"column":8},"end":{"line":465,"column":8}},{"start":{"line":465,"column":8},"end":{"line":465,"column":8}}]},"28":{"line":471,"type":"if","locations":[{"start":{"line":471,"column":8},"end":{"line":471,"column":8}},{"start":{"line":471,"column":8},"end":{"line":471,"column":8}}]},"29":{"line":475,"type":"if","locations":[{"start":{"line":475,"column":8},"end":{"line":475,"column":8}},{"start":{"line":475,"column":8},"end":{"line":475,"column":8}}]},"30":{"line":478,"type":"if","locations":[{"start":{"line":478,"column":12},"end":{"line":478,"column":12}},{"start":{"line":478,"column":12},"end":{"line":478,"column":12}}]},"31":{"line":481,"type":"if","locations":[{"start":{"line":481,"column":8},"end":{"line":481,"column":8}},{"start":{"line":481,"column":8},"end":{"line":481,"column":8}}]},"32":{"line":526,"type":"if","locations":[{"start":{"line":526,"column":8},"end":{"line":526,"column":8}},{"start":{"line":526,"column":8},"end":{"line":526,"column":8}}]},"33":{"line":527,"type":"if","locations":[{"start":{"line":527,"column":12},"end":{"line":527,"column":12}},{"start":{"line":527,"column":12},"end":{"line":527,"column":12}}]},"34":{"line":529,"type":"if","locations":[{"start":{"line":529,"column":8},"end":{"line":529,"column":8}},{"start":{"line":529,"column":8},"end":{"line":529,"column":8}}]},"35":{"line":557,"type":"if","locations":[{"start":{"line":557,"column":8},"end":{"line":557,"column":8}},{"start":{"line":557,"column":8},"end":{"line":557,"column":8}}]},"36":{"line":558,"type":"if","locations":[{"start":{"line":558,"column":8},"end":{"line":558,"column":8}},{"start":{"line":558,"column":8},"end":{"line":558,"column":8}}]},"37":{"line":566,"type":"if","locations":[{"start":{"line":566,"column":8},"end":{"line":566,"column":8}},{"start":{"line":566,"column":8},"end":{"line":566,"column":8}}]},"38":{"line":619,"type":"if","locations":[{"start":{"line":619,"column":8},"end":{"line":619,"column":8}},{"start":{"line":619,"column":8},"end":{"line":619,"column":8}}]},"39":{"line":626,"type":"if","locations":[{"start":{"line":626,"column":8},"end":{"line":626,"column":8}},{"start":{"line":626,"column":8},"end":{"line":626,"column":8}}]}}}}